<?xml version="1.0" encoding="UTF-8"?>
<!-- Generated by org.testng.reporters.JUnitXMLReporter -->
<testsuite ignored="0" hostname="Saija" failures="0" tests="7" name="Default test" time="51.869" errors="0" timestamp="2023-04-12T16:19:18 GMT-05:00">
  <testcase classname="testCase.TestCases" name="verifyCookiesHandle" time="0.042"/>
  <testcase classname="testCase.TestCases" name="verifyGetWindowHandle" time="1.059"/>
  <testcase classname="testCase.TestCases" name="verifyLoginWithValidCredential" time="6.704"/>
  <testcase classname="testCase.TestCases" name="verifyMouseHover" time="0.176"/>
  <testcase classname="testCase.TestCases" name="verifyScrollDown" time="0.016"/>
  <testcase classname="testCase.TestCases" name="verifyScrollup" time="0.013"/>
  <testcase classname="testCase.TestCases" name="verifySearchBar" time="0.459"/>
</testsuite> <!-- Default test -->
